0 info it worked if it ends with ok
1 verbose cli [ 'D:\\Program Files\\nodejs\\node.exe',
1 verbose cli   'D:\\Program Files\\nodejs\\node_modules\\npm\\bin\\npm-cli.js',
1 verbose cli   'publish' ]
2 info using npm@2.15.1
3 info using node@v4.4.4
4 verbose publish [ '.' ]
5 silly cache add args [ '.', null ]
6 verbose cache add spec .
7 silly cache add parsed spec Result {
7 silly cache add   raw: '.',
7 silly cache add   scope: null,
7 silly cache add   name: null,
7 silly cache add   rawSpec: '.',
7 silly cache add   spec: 'E:\\vue\\bh-vue',
7 silly cache add   type: 'directory' }
8 verbose addLocalDirectory C:\Users\qtx\AppData\Roaming\npm-cache\bh-vue\1.3.9\package.tgz not in flight; packing
9 verbose correctMkdir C:\Users\qtx\AppData\Roaming\npm-cache correctMkdir not in flight; initializing
10 verbose tar pack [ 'C:\\Users\\qtx\\AppData\\Roaming\\npm-cache\\bh-vue\\1.3.9\\package.tgz',
10 verbose tar pack   'E:\\vue\\bh-vue' ]
11 verbose tarball C:\Users\qtx\AppData\Roaming\npm-cache\bh-vue\1.3.9\package.tgz
12 verbose folder E:\vue\bh-vue
13 info prepublish bh-vue@1.3.9
14 verbose addLocalTarball adding from inside cache C:\Users\qtx\AppData\Roaming\npm-cache\bh-vue\1.3.9\package.tgz
15 verbose correctMkdir C:\Users\qtx\AppData\Roaming\npm-cache correctMkdir not in flight; initializing
16 silly cache afterAdd bh-vue@1.3.9
17 verbose afterAdd C:\Users\qtx\AppData\Roaming\npm-cache\bh-vue\1.3.9\package\package.json not in flight; writing
18 verbose correctMkdir C:\Users\qtx\AppData\Roaming\npm-cache correctMkdir not in flight; initializing
19 verbose afterAdd C:\Users\qtx\AppData\Roaming\npm-cache\bh-vue\1.3.9\package\package.json written
20 silly publish { name: 'bh-vue',
20 silly publish   version: '1.3.9',
20 silly publish   description: 'vue components based on jqxwidget and EMAP',
20 silly publish   devDependencies:
20 silly publish    { 'babel-core': '^6.9.0',
20 silly publish      'babel-loader': '^6.2.4',
20 silly publish      'babel-plugin-transform-runtime': '^6.9.0',
20 silly publish      'babel-preset-es2015': '^6.13.2',
20 silly publish      'babel-preset-stage-2': '^6.13.0',
20 silly publish      'babel-runtime': '^6.9.0',
20 silly publish      'css-loader': '^0.23.1',
20 silly publish      eslint: '^2.10.2',
20 silly publish      'eslint-plugin-html': '^1.5.1',
20 silly publish      'file-loader': '^0.8.5',
20 silly publish      less: '^2.7.1',
20 silly publish      'less-loader': '^2.2.3',
20 silly publish      'url-loader': '^0.5.7',
20 silly publish      vue: '^1.0.24',
20 silly publish      'vue-doc': '^0.1.2',
20 silly publish      'vue-html-loader': '^1.2.2',
20 silly publish      'vue-loader': '^8.4.0',
20 silly publish      'vue-style-loader': '^1.0.0',
20 silly publish      webpack: '^1.13.1' },
20 silly publish   scripts:
20 silly publish    { doc: 'npm install;node build/doc-build.js',
20 silly publish      pack: 'node build/pack.js' },
20 silly publish   readme: '# 基于jqwidget和EMAP封装的Vue组件\r\n\r\n引入组件库：\r\n```\r\nnpm install bh-vue\r\n```\r\n\r\n包含第三依赖库的页面模板：\r\n```html\r\n<!DOCTYPE html>\r\n<html>\r\n  <head>\r\n    <meta charset="utf-8">\r\n    <title>jqwidget-based Vue Components</title>\r\n    <!-- <link rel="stylesheet" href="//res.wisedu.com/fe_components/bh.css" type="text/css" /> -->\r\n    <link rel="stylesheet" href="//res.wisedu.com/fe_components/jqwidget/blue/bh.min.css" />\r\n    <link rel="stylesheet" href="//res.wisedu.com/fe_components/jqwidget/blue/bh-scenes.min.css" id="bhThemes" />\r\n    <link rel="stylesheet" href="//res.wisedu.com/bower_components/fontawesome/css/font-awesome.min.css" />\r\n    <link rel="stylesheet" href="//res.wisedu.com/fe_components/iconfont/iconfont.css">\r\n    <link rel="stylesheet" href="//res.wisedu.com/bower_components/selectize/dist/css/selectize.bootstrap3.css">\r\n    <link rel="stylesheet" href="//res.wisedu.com/fe_components/selectize/select.css">\r\n    <link rel="stylesheet" href="//res.wisedu.com/bower_components/summernote-0.8.1/dist/summernote-bs3.min.css">\r\n    <link rel="stylesheet" href="//res.wisedu.com/bower_components/summernote-0.8.1/dist/summernote.css">\r\n  </head>\r\n  <body>\r\n    <div id="app"></div>\r\n    <script src="//res.wisedu.com/bower_components/jquery/dist/jquery.min.js"></script>\r\n    <!-- <script src="./vendors/bh/bh.map.js"></script> -->\r\n    <!-- jqxwidget -->\r\n    <script src=\'//res.wisedu.com/fe_components/jqwidget/jqxwidget.min.js\'></script>\r\n    <script src="//res.wisedu.com/fe_components/jqwidget/globalize.js"></script>\r\n    <script src="//res.wisedu.com/fe_components/jqwidget/globalize.culture.zh-CN.js"></script>\r\n    <!-- bh -->\r\n    <script src="//res.wisedu.com/fe_components/bh.min.js"></script>\r\n    <script src="//res.wisedu.com/fe_components/bh_utils.js"></script>\r\n    <script src="//res.wisedu.com/bower_components/sortable/Sortable.min.js"></script>\r\n    <script src="//res.wisedu.com/bower_components/selectize/dist/js/standalone/selectize.min.js"></script>\r\n    <!-- <script src="//res.wisedu.com/fe_components/we/we.pagination.js"></script> -->\r\n    <!-- 文件上传控件依赖库 -->\r\n    <script src="//res.wisedu.com/bower_components/blueimp-file-upload/js/vendor/jquery.ui.widget.js"></script>\r\n    <script src="//res.wisedu.com/bower_components/blueimp-file-upload/js/jquery.iframe-transport.js"></script>\r\n    <script src="//res.wisedu.com/bower_components/blueimp-file-upload/js/jquery.fileupload.js"></script>\r\n    <!-- 日历控件依赖库 -->\r\n    <script src=\'//cdn.bootcss.com/moment.js/2.13.0/moment.min.js\'></script>\r\n    <script src=\'//cdn.bootcss.com/moment.js/2.13.0/locale/zh-cn.js\'></script>\r\n    <script src=\'//cdn.bootcss.com/underscore.js/1.5.2/underscore-min.js\'></script>\r\n    <!-- <script src=\'vendors/CLNDR.js\'></script> -->\r\n    <script src=\'//cdn.bootcss.com/clndr/1.4.4/clndr.min.js\'></script>\r\n    <!-- nicescroll -->\r\n    <script src="//res.wisedu.com/bower_components/jquery.nicescroll/jquery.nicescroll.min.js"></script>\r\n    <!-- EMAP 依赖库 -->\r\n    <script src=\'//cdn.bootcss.com/hogan.js/3.0.2/hogan.min.js\'></script>\r\n    <script src=\'//res.wisedu.com/fe_components/emap.js\'></script>\r\n    <!-- mock.js 在开发环境无法模拟post请求数据时使用 -->\r\n    <!-- <script src=\'//res.wisedu.com/fe_components/mock/mock.js\'></script> -->\r\n    <!-- 富文本编辑器 -->\r\n    <script src="//res.wisedu.com/bower_components/bootstrap/dist/js/bootstrap.min.js"></script>\r\n    <script src="//res.wisedu.com/bower_components/summernote-0.8.1/dist/summernote.js"></script>\r\n    <!-- built files will be auto injected -->\r\n  </body>\r\n</html> \r\n```\r\n\r\n示例页面：\r\n```html\r\n<template>\r\n    <article bh-layout-role="single-no-title">\r\n        <section class="bh-mh-8 bh-mv-8">\r\n            <header>\r\n                <h2>富文本编辑器</h2>\r\n            </header>\r\n            <div class="bh-row bh-mt-16">\r\n                <div class="bh-col-md-6 bh-mv-8 bh-mb-16">\r\n                    <emap-editor v-ref:ee :options=\'options\'></emap-editor>\r\n                </div>\r\n                <div class="clearfix"></div>\r\n                <div class="bh-col-md-6 bh-mv-8">\r\n                    <button class=\'bh-btn bh-btn-default\' @click=\'getContent\'>获取输入内容</button>\r\n                    <button class=\'bh-btn bh-btn-default\' @click=\'setValue\'>设置内容</button>\r\n                    <button class=\'bh-btn bh-btn-default\' @click=\'clear\'>清空内容</button>\r\n                    <button class=\'bh-btn bh-btn-default\' @click=\'disable\'>禁用</button>\r\n                    <button class=\'bh-btn bh-btn-default\' @click=\'enable\'>启用</button>\r\n                    <button class=\'bh-btn bh-btn-default\' @click=\'isEmpty\'>是否为空</button>\r\n                </div>\r\n            </div>\r\n        </section>\r\n    </article>\r\n</template>\r\n\r\n<script>\r\n    import EmapEditor from \'components/emap-editor/emapEditor.vue\'\r\n\r\n    export default {\r\n        data: function() {\r\n            return {\r\n                options: {\r\n                    contextPath: \'http://localhost:3000/mock/emap/major-model.json\'\r\n                }\r\n            }\r\n        },\r\n        methods: {\r\n            getContent: function() {\r\n                console.log(this.$refs.ee.getValue());\r\n            },\r\n            setValue: function() {\r\n                this.$refs.ee.setValue(\'<p>Hello World, Hello Dog !</p>\');\r\n            },\r\n            clear: function() {\r\n                this.$refs.ee.clear();\r\n            },\r\n            disable: function() {\r\n                this.$refs.ee.disable();\r\n            },\r\n            enable: function() {\r\n                this.$refs.ee.enable();\r\n            },\r\n            isEmpty: function() {\r\n                alert(this.$refs.ee.isEmpty());\r\n            }\r\n        },\r\n        components: {EmapEditor}\r\n    }\r\n</script>\r\n```\r\n\r\n组件文档参考：[http://res.wisedu.com/FE/vue-doc/index.html](http://res.wisedu.com/FE/vue-doc/index.html)',
20 silly publish   readmeFilename: 'README.md',
20 silly publish   author: { name: 'wisedu' },
20 silly publish   license: 'ISC',
20 silly publish   gitHead: '6fb88a2e31e7886a4f49014d6270b6abdaa8aa73',
20 silly publish   _id: 'bh-vue@1.3.9',
20 silly publish   _shasum: 'b198842ebba73d36fa03344f75f00054b78479c0',
20 silly publish   _from: '.' }
21 verbose getPublishConfig undefined
22 silly mapToRegistry name bh-vue
23 silly mapToRegistry using default registry
24 silly mapToRegistry registry https://registry.npmjs.org/
25 silly mapToRegistry data Result {
25 silly mapToRegistry   raw: 'bh-vue',
25 silly mapToRegistry   scope: null,
25 silly mapToRegistry   name: 'bh-vue',
25 silly mapToRegistry   rawSpec: '',
25 silly mapToRegistry   spec: 'latest',
25 silly mapToRegistry   type: 'tag' }
26 silly mapToRegistry uri https://registry.npmjs.org/bh-vue
27 verbose publish registryBase https://registry.npmjs.org/
28 silly publish uploading C:\Users\qtx\AppData\Roaming\npm-cache\bh-vue\1.3.9\package.tgz
29 verbose request uri https://registry.npmjs.org/bh-vue
30 verbose request sending authorization for write operation
31 info attempt registry request try #1 at 14:07:44
32 verbose request using bearer token for auth
33 verbose request id 7883cb3758e61a74
34 http request PUT https://registry.npmjs.org/bh-vue
35 http 403 https://registry.npmjs.org/bh-vue
36 verbose headers { 'content-type': 'application/json',
36 verbose headers   'cache-control': 'max-age=300',
36 verbose headers   'content-length': '95',
36 verbose headers   'accept-ranges': 'bytes',
36 verbose headers   date: 'Fri, 21 Oct 2016 06:08:01 GMT',
36 verbose headers   via: '1.1 varnish',
36 verbose headers   connection: 'keep-alive',
36 verbose headers   'x-served-by': 'cache-ams4428-AMS',
36 verbose headers   'x-cache': 'MISS',
36 verbose headers   'x-cache-hits': '0',
36 verbose headers   'x-timer': 'S1477030076.321859,VS0,VE4716',
36 verbose headers   vary: 'Accept-Encoding' }
37 verbose request invalidating C:\Users\qtx\AppData\Roaming\npm-cache\registry.npmjs.org\bh-vue on PUT
38 error publish Failed PUT 403
39 verbose stack Error: "You cannot publish over the previously published version 1.3.9." : bh-vue
39 verbose stack     at makeError (D:\Program Files\nodejs\node_modules\npm\node_modules\npm-registry-client\lib\request.js:264:12)
39 verbose stack     at CachingRegistryClient.<anonymous> (D:\Program Files\nodejs\node_modules\npm\node_modules\npm-registry-client\lib\request.js:252:14)
39 verbose stack     at Request._callback (D:\Program Files\nodejs\node_modules\npm\node_modules\npm-registry-client\lib\request.js:172:14)
39 verbose stack     at Request.self.callback (D:\Program Files\nodejs\node_modules\npm\node_modules\request\request.js:199:22)
39 verbose stack     at emitTwo (events.js:87:13)
39 verbose stack     at Request.emit (events.js:172:7)
39 verbose stack     at Request.<anonymous> (D:\Program Files\nodejs\node_modules\npm\node_modules\request\request.js:1036:10)
39 verbose stack     at emitOne (events.js:82:20)
39 verbose stack     at Request.emit (events.js:169:7)
39 verbose stack     at IncomingMessage.<anonymous> (D:\Program Files\nodejs\node_modules\npm\node_modules\request\request.js:963:12)
40 verbose statusCode 403
41 verbose pkgid bh-vue
42 verbose cwd E:\vue\bh-vue
43 error Windows_NT 10.0.14393
44 error argv "D:\\Program Files\\nodejs\\node.exe" "D:\\Program Files\\nodejs\\node_modules\\npm\\bin\\npm-cli.js" "publish"
45 error node v4.4.4
46 error npm  v2.15.1
47 error code E403
48 error "You cannot publish over the previously published version 1.3.9." : bh-vue
49 error If you need help, you may report this error at:
49 error     <https://github.com/npm/npm/issues>
50 verbose exit [ 1, true ]
